Mplus VERSION 7.11
MUTHEN & MUTHEN
08/12/2015  11:25 AM

INPUT INSTRUCTIONS

  TITLE:  Creativity and stuff

  DATA:
  FILE = crea_bayes.dat; ! name of data set

  VARIABLE:
  NAMES ARE
   id age gender edu_self edu_moth edu_fath hobbies
   nidpar vddpar
   N E O A C
   schizo NB_co INSIGHT STROOP SHIFTCOS fluency
   CAQ_tot CAQ_tal FKAL_ach FKAL_spe CAQ_arts
   GF NB_mi NB_RT_mi NB_RT_co
   StroopE1 StroopE2 StroopE3
   ShiftC1 ShiftC2 ShiftC3
   Flu1 Flu2 Flu3 Flu4
   ins1 ins2 ins3 ins4 ins5 ins6 ins7 ins8
   ins1_art ins2_art ins3_art ins4_art
   ins5_art ins6_art ins7_art ins8_art
   fluency2 fluency3 fluency4
   flu_qu GF_qu O2;

  USEVARIABLES ARE
  fluency
  gender
  GF
  O;

  MISSING = ALL(9999);

  ANALYSIS:
  estimator = MLR;

  OUTPUT:
  stdyx tech4;

  MODEL:
  fluency ON gender GF O;




INPUT READING TERMINATED NORMALLY



Creativity and stuff

SUMMARY OF ANALYSIS

Number of groups                                                 1
Number of observations                                         230

Number of dependent variables                                    1
Number of independent variables                                  3
Number of continuous latent variables                            0

Observed dependent variables

  Continuous
   FLUENCY

Observed independent variables
   GENDER      GF          O


Estimator                                                      MLR
Information matrix                                        OBSERVED
Maximum number of iterations                                  1000
Convergence criterion                                    0.500D-04
Maximum number of steepest descent iterations                   20
Maximum number of iterations for H1                           2000
Convergence criterion for H1                             0.100D-03

Input data file(s)
  crea_bayes.dat

Input data format  FREE


SUMMARY OF DATA

     Number of missing data patterns             1


COVARIANCE COVERAGE OF DATA

Minimum covariance coverage value   0.100


     PROPORTION OF DATA PRESENT


           Covariance Coverage
              FLUENCY       GENDER        GF            O
              ________      ________      ________      ________
 FLUENCY        1.000
 GENDER         1.000         1.000
 GF             1.000         1.000         1.000
 O              1.000         1.000         1.000         1.000



THE MODEL ESTIMATION TERMINATED NORMALLY



MODEL FIT INFORMATION

Number of Free Parameters                        5

Loglikelihood

          H0 Value                        -563.427
          H0 Scaling Correction Factor      1.0394
            for MLR
          H1 Value                        -563.427
          H1 Scaling Correction Factor      1.0394
            for MLR

Information Criteria

          Akaike (AIC)                    1136.854
          Bayesian (BIC)                  1154.045
          Sample-Size Adjusted BIC        1138.198
            (n* = (n + 2) / 24)

Chi-Square Test of Model Fit

          Value                              0.000*
          Degrees of Freedom                     0
          P-Value                           0.0000
          Scaling Correction Factor         1.0000
            for MLR

*   The chi-square value for MLM, MLMV, MLR, ULSMV, WLSM and WLSMV cannot be used
    for chi-square difference testing in the regular way.  MLM, MLR and WLSM
    chi-square difference testing is described on the Mplus website.  MLMV, WLSMV,
    and ULSMV difference testing is done using the DIFFTEST option.

RMSEA (Root Mean Square Error Of Approximation)

          Estimate                           0.000
          90 Percent C.I.                    0.000  0.000
          Probability RMSEA <= .05           0.000

CFI/TLI

          CFI                                1.000
          TLI                                1.000

Chi-Square Test of Model Fit for the Baseline Model

          Value                             15.329
          Degrees of Freedom                     3
          P-Value                           0.0016

SRMR (Standardized Root Mean Square Residual)

          Value                              0.000



MODEL RESULTS

                                                    Two-Tailed
                    Estimate       S.E.  Est./S.E.    P-Value

 FLUENCY  ON
    GENDER             0.434      0.416      1.044      0.297
    GF                 0.042      0.206      0.206      0.837
    O                  0.112      0.031      3.566      0.000

 Intercepts
    FLUENCY            6.380      1.120      5.696      0.000

 Residual Variances
    FLUENCY            7.858      0.731     10.743      0.000


STANDARDIZED MODEL RESULTS


STDYX Standardization

                                                    Two-Tailed
                    Estimate       S.E.  Est./S.E.    P-Value

 FLUENCY  ON
    GENDER             0.069      0.066      1.044      0.296
    GF                 0.013      0.064      0.206      0.837
    O                  0.247      0.068      3.653      0.000

 Intercepts
    FLUENCY            2.195      0.421      5.211      0.000

 Residual Variances
    FLUENCY            0.930      0.035     26.479      0.000


R-SQUARE

    Observed                                        Two-Tailed
    Variable        Estimate       S.E.  Est./S.E.    P-Value

    FLUENCY            0.070      0.035      1.986      0.047


QUALITY OF NUMERICAL RESULTS

     Condition Number for the Information Matrix              0.153E-03
       (ratio of smallest to largest eigenvalue)


TECHNICAL 4 OUTPUT


     ESTIMATES DERIVED FROM THE MODEL


           ESTIMATED MEANS FOR THE LATENT VARIABLES
              FLUENCY       GENDER        GF            O
              ________      ________      ________      ________
      1        10.618         1.313         0.480        32.526


           S.E. FOR ESTIMATED MEANS FOR THE LATENT VARIABLES
              FLUENCY       GENDER        GF            O
              ________      ________      ________      ________
      1         0.192         0.031         0.060         0.422


           ESTIMATED COVARIANCE MATRIX FOR THE LATENT VARIABLES
              FLUENCY       GENDER        GF            O
              ________      ________      ________      ________
 FLUENCY        8.447
 GENDER         0.123         0.215
 GF             0.147         0.058         0.825
 O              4.724         0.240         0.777        40.901


           S.E. FOR ESTIMATED COVARIANCE MATRIX FOR THE LATENT VARIABLES
              FLUENCY       GENDER        GF            O
              ________      ________      ________      ________
 FLUENCY        0.759
 GENDER         0.090         0.011
 GF             0.173         0.031         0.092
 O              1.339         0.200         0.388         3.365


           ESTIMATED CORRELATION MATRIX FOR THE LATENT VARIABLES
              FLUENCY       GENDER        GF            O
              ________      ________      ________      ________
 FLUENCY        1.000
 GENDER         0.091         1.000
 GF             0.056         0.137         1.000
 O              0.254         0.081         0.134         1.000


           S.E. FOR ESTIMATED CORRELATION MATRIX FOR THE LATENT VARIABLES
              FLUENCY       GENDER        GF            O
              ________      ________      ________      ________
 FLUENCY        0.000
 GENDER         0.067         0.000
 GF             0.065         0.070         0.000
 O              0.067         0.067         0.064         0.000


DIAGRAM INFORMATION

  Use View Diagram under the Diagram menu in the Mplus Editor to view the diagram.
  If running Mplus from the Mplus Diagrammer, the diagram opens automatically.

  Diagram output
    c:\users\petere\desktop\bayes ws cb\model 3_ml.dgm

     Beginning Time:  11:25:24
        Ending Time:  11:25:24
       Elapsed Time:  00:00:00



MUTHEN & MUTHEN
3463 Stoner Ave.
Los Angeles, CA  90066

Tel: (310) 391-9971
Fax: (310) 391-8971
Web: www.StatModel.com
Support: Support@StatModel.com

Copyright (c) 1998-2013 Muthen & Muthen
