Mplus VERSION 7.11
MUTHEN & MUTHEN
08/12/2015  11:14 AM

INPUT INSTRUCTIONS

  TITLE:  Creativity and stuff

  DATA:
  FILE = crea_bayes.dat; ! name of data set

  VARIABLE:
  NAMES ARE
   id age gender edu_self edu_moth edu_fath hobbies
   nidpar vddpar
   N E O A C
   schizo NB_co INSIGHT STROOP SHIFTCOS fluency
   CAQ_tot CAQ_tal FKAL_ach FKAL_spe CAQ_arts
   GF NB_mi NB_RT_mi NB_RT_co
   StroopE1 StroopE2 StroopE3
   ShiftC1 ShiftC2 ShiftC3
   Flu1 Flu2 Flu3 Flu4
   ins1 ins2 ins3 ins4 ins5 ins6 ins7 ins8
   ins1_art ins2_art ins3_art ins4_art
   ins5_art ins6_art ins7_art ins8_art
   fluency2 fluency3 fluency4
   flu_qu GF_qu O2;

  USEVARIABLES ARE
  fluency;

  MISSING = ALL(9999);

  ANALYSIS:
  estimator = MLR;

  MODEL:
  [fluency];
  fluency;






*** WARNING in MODEL command
  All variables are uncorrelated with all other variables in the model.
  Check that this is what is intended.
   1 WARNING(S) FOUND IN THE INPUT INSTRUCTIONS



Creativity and stuff

SUMMARY OF ANALYSIS

Number of groups                                                 1
Number of observations                                         230

Number of dependent variables                                    1
Number of independent variables                                  0
Number of continuous latent variables                            0

Observed dependent variables

  Continuous
   FLUENCY


Estimator                                                      MLR
Information matrix                                        OBSERVED
Maximum number of iterations                                  1000
Convergence criterion                                    0.500D-04
Maximum number of steepest descent iterations                   20
Maximum number of iterations for H1                           2000
Convergence criterion for H1                             0.100D-03

Input data file(s)
  crea_bayes.dat

Input data format  FREE


SUMMARY OF DATA

     Number of missing data patterns             1


COVARIANCE COVERAGE OF DATA

Minimum covariance coverage value   0.100


     PROPORTION OF DATA PRESENT


           Covariance Coverage
              FLUENCY
              ________
 FLUENCY        1.000



THE MODEL ESTIMATION TERMINATED NORMALLY



MODEL FIT INFORMATION

Number of Free Parameters                        2

Loglikelihood

          H0 Value                        -571.746
          H0 Scaling Correction Factor      0.9705
            for MLR
          H1 Value                        -571.746
          H1 Scaling Correction Factor      0.9705
            for MLR

Information Criteria

          Akaike (AIC)                    1147.491
          Bayesian (BIC)                  1154.367
          Sample-Size Adjusted BIC        1148.029
            (n* = (n + 2) / 24)

Chi-Square Test of Model Fit

          Value                              0.000*
          Degrees of Freedom                     0
          P-Value                           0.0000
          Scaling Correction Factor         1.0000
            for MLR

*   The chi-square value for MLM, MLMV, MLR, ULSMV, WLSM and WLSMV cannot be used
    for chi-square difference testing in the regular way.  MLM, MLR and WLSM
    chi-square difference testing is described on the Mplus website.  MLMV, WLSMV,
    and ULSMV difference testing is done using the DIFFTEST option.

RMSEA (Root Mean Square Error Of Approximation)

          Estimate                           0.000
          90 Percent C.I.                    0.000  0.000
          Probability RMSEA <= .05           0.000

CFI/TLI

          CFI                                0.000
          TLI                                1.000

Chi-Square Test of Model Fit for the Baseline Model

          Value                              0.000
          Degrees of Freedom                     0
          P-Value                           0.0000

SRMR (Standardized Root Mean Square Residual)

          Value                              0.000



MODEL RESULTS

                                                    Two-Tailed
                    Estimate       S.E.  Est./S.E.    P-Value

 Means
    FLUENCY           10.618      0.192     55.408      0.000

 Variances
    FLUENCY            8.447      0.764     11.054      0.000


QUALITY OF NUMERICAL RESULTS

     Condition Number for the Information Matrix              0.375E-01
       (ratio of smallest to largest eigenvalue)


DIAGRAM INFORMATION

  Use View Diagram under the Diagram menu in the Mplus Editor to view the diagram.
  If running Mplus from the Mplus Diagrammer, the diagram opens automatically.

  Diagram output
    c:\users\petere\desktop\bayes ws cb\model 1_ml.dgm

     Beginning Time:  11:14:06
        Ending Time:  11:14:06
       Elapsed Time:  00:00:00



MUTHEN & MUTHEN
3463 Stoner Ave.
Los Angeles, CA  90066

Tel: (310) 391-9971
Fax: (310) 391-8971
Web: www.StatModel.com
Support: Support@StatModel.com

Copyright (c) 1998-2013 Muthen & Muthen
