Mplus VERSION 7.11
MUTHEN & MUTHEN
08/12/2015   4:15 PM

INPUT INSTRUCTIONS

  TITLE:  Creativity and stuff

  DATA:
  FILE = crea_bayes.dat; ! name of data set

  VARIABLE:
  NAMES ARE
   id age gender edu_self edu_moth edu_fath hobbies
   nidpar vddpar
   N E O A C
   schizo NB_co INSIGHT STROOP SHIFTCOS fluency
   CAQ_tot CAQ_tal FKAL_ach FKAL_spe CAQ_arts
   GF NB_mi NB_RT_mi NB_RT_co
   StroopE1 StroopE2 StroopE3
   ShiftC1 ShiftC2 ShiftC3
   Flu1 Flu2 Flu3 Flu4
   ins1 ins2 ins3 ins4 ins5 ins6 ins7 ins8
   ins1_art ins2_art ins3_art ins4_art
   ins5_art ins6_art ins7_art ins8_art
   fluency2 fluency3 fluency4
   flu_qu GF_qu O2;

  USEVARIABLES ARE
  fluency fluency2
  O O2;

  MISSING = ALL(9999);

  ANALYSIS:
  estimator = MLR;

  MODEL:
  O2 ON O;
  fluency2 ON fluency;
  O2 ON fluency;
  fluency2 ON O;
  fluency WITH O;
  fluency2 WITH O2;

  OUTPUT:
  stdyx;






INPUT READING TERMINATED NORMALLY



Creativity and stuff

SUMMARY OF ANALYSIS

Number of groups                                                 1
Number of observations                                         230

Number of dependent variables                                    2
Number of independent variables                                  2
Number of continuous latent variables                            0

Observed dependent variables

  Continuous
   FLUENCY2    O2

Observed independent variables
   FLUENCY     O


Estimator                                                      MLR
Information matrix                                        OBSERVED
Maximum number of iterations                                  1000
Convergence criterion                                    0.500D-04
Maximum number of steepest descent iterations                   20
Maximum number of iterations for H1                           2000
Convergence criterion for H1                             0.100D-03

Input data file(s)
  crea_bayes.dat

Input data format  FREE


SUMMARY OF DATA

     Number of missing data patterns             1


COVARIANCE COVERAGE OF DATA

Minimum covariance coverage value   0.100


     PROPORTION OF DATA PRESENT


           Covariance Coverage
              FLUENCY2      O2            FLUENCY       O
              ________      ________      ________      ________
 FLUENCY2       1.000
 O2             1.000         1.000
 FLUENCY        1.000         1.000         1.000
 O              1.000         1.000         1.000         1.000



THE MODEL ESTIMATION TERMINATED NORMALLY

     THE STANDARD ERRORS OF THE MODEL PARAMETER ESTIMATES MAY NOT BE
     TRUSTWORTHY FOR SOME PARAMETERS DUE TO A NON-POSITIVE DEFINITE
     FIRST-ORDER DERIVATIVE PRODUCT MATRIX.  THIS MAY BE DUE TO THE STARTING
     VALUES BUT MAY ALSO BE AN INDICATION OF MODEL NONIDENTIFICATION.  THE
     CONDITION NUMBER IS       0.944D-20.  PROBLEM INVOLVING PARAMETER 14.




MODEL FIT INFORMATION

Number of Free Parameters                       14

Loglikelihood

          H0 Value                       -2112.502
          H0 Scaling Correction Factor      0.9076
            for MLR
          H1 Value                       -2112.502
          H1 Scaling Correction Factor      0.9076
            for MLR

Information Criteria

          Akaike (AIC)                    4253.004
          Bayesian (BIC)                  4301.137
          Sample-Size Adjusted BIC        4256.766
            (n* = (n + 2) / 24)

Chi-Square Test of Model Fit

          Value                              0.000*
          Degrees of Freedom                     0
          P-Value                           0.0000
          Scaling Correction Factor         1.0000
            for MLR

*   The chi-square value for MLM, MLMV, MLR, ULSMV, WLSM and WLSMV cannot be used
    for chi-square difference testing in the regular way.  MLM, MLR and WLSM
    chi-square difference testing is described on the Mplus website.  MLMV, WLSMV,
    and ULSMV difference testing is done using the DIFFTEST option.

RMSEA (Root Mean Square Error Of Approximation)

          Estimate                           0.000
          90 Percent C.I.                    0.000  0.000
          Probability RMSEA <= .05           0.000

CFI/TLI

          CFI                                1.000
          TLI                                1.000

Chi-Square Test of Model Fit for the Baseline Model

          Value                           1378.534
          Degrees of Freedom                     5
          P-Value                           0.0000

SRMR (Standardized Root Mean Square Residual)

          Value                              0.000



MODEL RESULTS

                                                    Two-Tailed
                    Estimate       S.E.  Est./S.E.    P-Value

 O2       ON
    O                  0.973      0.037     26.333      0.000
    FLUENCY            0.083      0.081      1.021      0.307

 FLUENCY2 ON
    FLUENCY            0.994      0.012     86.058      0.000
    O                  0.000      0.006      0.076      0.940

 FLUENCY  WITH
    O                  4.725      1.371      3.446      0.001

 FLUENCY2 WITH
    O2                 0.052      0.123      0.423      0.673

 Means
    FLUENCY           10.618      0.192     55.408      0.000
    O                 32.526      0.422     77.131      0.000

 Intercepts
    FLUENCY2           2.038      0.206      9.880      0.000
    O2                 1.498      1.312      1.142      0.254

 Variances
    FLUENCY            8.447      0.764     11.055      0.000
    O                 40.901      3.365     12.155      0.000

 Residual Variances
    FLUENCY2           0.284      0.025     11.254      0.000
    O2                12.183      0.119    102.714      0.000


STANDARDIZED MODEL RESULTS


STDYX Standardization

                                                    Two-Tailed
                    Estimate       S.E.  Est./S.E.    P-Value

 O2       ON
    O                  0.865      0.013     64.094      0.000
    FLUENCY            0.034      0.033      1.020      0.308

 FLUENCY2 ON
    FLUENCY            0.983      0.004    256.531      0.000
    O                  0.001      0.012      0.076      0.940

 FLUENCY  WITH
    O                  0.254      0.068      3.748      0.000

 FLUENCY2 WITH
    O2                 0.028      0.066      0.424      0.672

 Means
    FLUENCY            3.653      0.167     21.836      0.000
    O                  5.086      0.229     22.227      0.000

 Intercepts
    FLUENCY2           0.694      0.082      8.507      0.000
    O2                 0.208      0.187      1.112      0.266

 Variances
    FLUENCY            1.000      0.000    999.000    999.000
    O                  1.000      0.000    999.000    999.000

 Residual Variances
    FLUENCY2           0.033      0.004      7.738      0.000
    O2                 0.236      0.019     12.447      0.000


R-SQUARE

    Observed                                        Two-Tailed
    Variable        Estimate       S.E.  Est./S.E.    P-Value

    FLUENCY2           0.967      0.004    227.674      0.000
    O2                 0.764      0.019     40.395      0.000


QUALITY OF NUMERICAL RESULTS

     Condition Number for the Information Matrix              0.584E-06
       (ratio of smallest to largest eigenvalue)


TECHNICAL 1 OUTPUT


     PARAMETER SPECIFICATION


           NU
              FLUENCY2      O2            FLUENCY       O
              ________      ________      ________      ________
      1           0             0             0             0


           LAMBDA
              FLUENCY2      O2            FLUENCY       O
              ________      ________      ________      ________
 FLUENCY2           0             0             0             0
 O2                 0             0             0             0
 FLUENCY            0             0             0             0
 O                  0             0             0             0


           THETA
              FLUENCY2      O2            FLUENCY       O
              ________      ________      ________      ________
 FLUENCY2           0
 O2                 0             0
 FLUENCY            0             0             0
 O                  0             0             0             0


           ALPHA
              FLUENCY2      O2            FLUENCY       O
              ________      ________      ________      ________
      1           1             2             3             4


           BETA
              FLUENCY2      O2            FLUENCY       O
              ________      ________      ________      ________
 FLUENCY2           0             0             5             6
 O2                 0             0             7             8
 FLUENCY            0             0             0             0
 O                  0             0             0             0


           PSI
              FLUENCY2      O2            FLUENCY       O
              ________      ________      ________      ________
 FLUENCY2           9
 O2                10            11
 FLUENCY            0             0            12
 O                  0             0            13            14


     STARTING VALUES


           NU
              FLUENCY2      O2            FLUENCY       O
              ________      ________      ________      ________
      1         0.000         0.000         0.000         0.000


           LAMBDA
              FLUENCY2      O2            FLUENCY       O
              ________      ________      ________      ________
 FLUENCY2       1.000         0.000         0.000         0.000
 O2             0.000         1.000         0.000         0.000
 FLUENCY        0.000         0.000         1.000         0.000
 O              0.000         0.000         0.000         1.000


           THETA
              FLUENCY2      O2            FLUENCY       O
              ________      ________      ________      ________
 FLUENCY2       0.000
 O2             0.000         0.000
 FLUENCY        0.000         0.000         0.000
 O              0.000         0.000         0.000         0.000


           ALPHA
              FLUENCY2      O2            FLUENCY       O
              ________      ________      ________      ________
      1        12.607        34.026        10.618        32.526


           BETA
              FLUENCY2      O2            FLUENCY       O
              ________      ________      ________      ________
 FLUENCY2       0.000         0.000         0.000         0.000
 O2             0.000         0.000         0.000         0.000
 FLUENCY        0.000         0.000         0.000         0.000
 O              0.000         0.000         0.000         0.000


           PSI
              FLUENCY2      O2            FLUENCY       O
              ________      ________      ________      ________
 FLUENCY2       4.336
 O2             0.000        25.973
 FLUENCY        0.000         0.000         4.242
 O              0.000         0.000         0.000        20.540


DIAGRAM INFORMATION

  Use View Diagram under the Diagram menu in the Mplus Editor to view the diagram.
  If running Mplus from the Mplus Diagrammer, the diagram opens automatically.

  Diagram output
    c:\users\petere\desktop\bayes ws cb\model 7_cl.dgm

     Beginning Time:  16:15:24
        Ending Time:  16:15:24
       Elapsed Time:  00:00:00



MUTHEN & MUTHEN
3463 Stoner Ave.
Los Angeles, CA  90066

Tel: (310) 391-9971
Fax: (310) 391-8971
Web: www.StatModel.com
Support: Support@StatModel.com

Copyright (c) 1998-2013 Muthen & Muthen
